<?xml version="1.0" encoding="UTF-8"?>
<!-- Generated by org.testng.reporters.JUnitXMLReporter -->
<testsuite ignored="0" hostname="Yash" failures="1" tests="2" name="Test" time="9.379" errors="0" timestamp="2024-12-07T14:53:56 IST">
  <testcase classname="testcases.TestCases" name="loginUser" time="2.508"/>
  <testcase classname="testcases.TestCases" name="verifyRegisterAndLogIn" time="0.018">
    <failure type="java.lang.AssertionError" message="expected [My account - My Shop] but found [My Shop]">
      <![CDATA[java.lang.AssertionError: expected [My account - My Shop] but found [My Shop]
at testcases.TestCases.verifyRegisterAndLogIn(TestCases.java:34)
at java.base/java.util.ArrayList.forEach(ArrayList.java:1596)
... Removed 31 stack frames]]>
    </failure>
  </testcase> <!-- verifyRegisterAndLogIn -->
</testsuite> <!-- Test -->
