<?xml version="1.0" encoding="UTF-8"?>
<testng-results ignored="0" total="1" passed="1" failed="0" skipped="0">
  <reporter-output>
  </reporter-output>
  <suite started-at="2024-05-04T23:46:21 IST" name="Default suite" finished-at="2024-05-04T23:46:29 IST" duration-ms="8244">
    <groups>
    </groups>
    <test started-at="2024-05-04T23:46:21 IST" name="Default test" finished-at="2024-05-04T23:46:29 IST" duration-ms="8244">
      <class name="testcases.TestCases">
        <test-method is-config="true" signature="setUp()[pri:0, instance:testcases.TestCases@abf688e]" started-at="2024-05-04T23:46:21 IST" name="setUp" finished-at="2024-05-04T23:46:28 IST" duration-ms="6617" status="PASS">
          <reporter-output>
          </reporter-output>
        </test-method> <!-- setUp -->
        <test-method signature="verifyRegisterAndLogIn()[pri:0, instance:testcases.TestCases@abf688e]" started-at="2024-05-04T23:46:28 IST" name="verifyRegisterAndLogIn" finished-at="2024-05-04T23:46:29 IST" duration-ms="1292" status="PASS">
          <reporter-output>
          </reporter-output>
        </test-method> <!-- verifyRegisterAndLogIn -->
        <test-method is-config="true" signature="tearDown()[pri:0, instance:testcases.TestCases@abf688e]" started-at="2024-05-04T23:46:29 IST" name="tearDown" finished-at="2024-05-04T23:46:29 IST" duration-ms="257" status="PASS">
          <reporter-output>
          </reporter-output>
        </test-method> <!-- tearDown -->
      </class> <!-- testcases.TestCases -->
    </test> <!-- Default test -->
  </suite> <!-- Default suite -->
</testng-results>
